# JRE version: OpenJDK Runtime Environment (8.0_212-b04) (build 1.8.0_212-release-1586-b04)
# Java VM: OpenJDK 64-Bit Server VM (25.212-b04 mixed mode windows-amd64 compressed oops)
Heap:
 PSYoungGen      total 317952K, used 153379K [0x00000000e0000000, 0x00000000f6080000, 0x0000000100000000)
  eden space 280064K, 54% used [0x00000000e0000000,0x00000000e95c8dd8,0x00000000f1180000)
  from space 37888K, 0% used [0x00000000f1680000,0x00000000f1680000,0x00000000f3b80000)
  to   space 27136K, 0% used [0x00000000f4600000,0x00000000f4600000,0x00000000f6080000)
 ParOldGen       total 91136K, used 87926K [0x00000000a0000000, 0x00000000a5900000, 0x00000000e0000000)
  object space 91136K, 96% used [0x00000000a0000000,0x00000000a55ddb70,0x00000000a5900000)
 Metaspace       used 103017K, capacity 108140K, committed 109568K, reserved 1144832K
  class space    used 13529K, capacity 14524K, committed 14848K, reserved 1048576K
GC Heap History (10 events):
Event: 5210.742 GC heap before
{Heap before GC invocations=20 (full 4):
 PSYoungGen      total 254464K, used 242176K [0x00000000e0000000, 0x00000000f1a80000, 0x0000000100000000)
  eden space 242176K, 100% used [0x00000000e0000000,0x00000000eec80000,0x00000000eec80000)
  from space 12288K, 0% used [0x00000000eec80000,0x00000000eec80000,0x00000000ef880000)
  to   space 23552K, 0% used [0x00000000f0380000,0x00000000f0380000,0x00000000f1a80000)
 ParOldGen       total 91136K, used 32530K [0x00000000a0000000, 0x00000000a5900000, 0x00000000e0000000)
  object space 91136K, 35% used [0x00000000a0000000,0x00000000a1fc4bc8,0x00000000a5900000)
 Metaspace       used 84059K, capacity 87592K, committed 89472K, reserved 1126400K
  class space    used 11308K, capacity 11984K, committed 12416K, reserved 1048576K
Event: 5211.462 GC heap after
Heap after GC invocations=20 (full 4):
 PSYoungGen      total 266752K, used 8675K [0x00000000e0000000, 0x00000000f3e80000, 0x0000000100000000)
  eden space 243200K, 0% used [0x00000000e0000000,0x00000000e0000000,0x00000000eed80000)
  from space 23552K, 36% used [0x00000000f0380000,0x00000000f0bf8fb8,0x00000000f1a80000)
  to   space 22528K, 0% used [0x00000000eed80000,0x00000000eed80000,0x00000000f0380000)
 ParOldGen       total 91136K, used 32538K [0x00000000a0000000, 0x00000000a5900000, 0x00000000e0000000)
  object space 91136K, 35% used [0x00000000a0000000,0x00000000a1fc6bc8,0x00000000a5900000)
 Metaspace       used 84059K, capacity 87592K, committed 89472K, reserved 1126400K
  class space    used 11308K, capacity 11984K, committed 12416K, reserved 1048576K
}
Event: 5222.950 GC heap before
{Heap before GC invocations=21 (full 4):
 PSYoungGen      total 266752K, used 251875K [0x00000000e0000000, 0x00000000f3e80000, 0x0000000100000000)
  eden space 243200K, 100% used [0x00000000e0000000,0x00000000eed80000,0x00000000eed80000)
  from space 23552K, 36% used [0x00000000f0380000,0x00000000f0bf8fb8,0x00000000f1a80000)
  to   space 22528K, 0% used [0x00000000eed80000,0x00000000eed80000,0x00000000f0380000)
 ParOldGen       total 91136K, used 32538K [0x00000000a0000000, 0x00000000a5900000, 0x00000000e0000000)
  object space 91136K, 35% used [0x00000000a0000000,0x00000000a1fc6bc8,0x00000000a5900000)
 Metaspace       used 91782K, capacity 96506K, committed 97152K, reserved 1132544K
  class space    used 12281K, capacity 13196K, committed 13440K, reserved 1048576K
Event: 5223.697 GC heap after
Heap after GC invocations=21 (full 4):
 PSYoungGen      total 265728K, used 22516K [0x00000000e0000000, 0x00000000f6080000, 0x0000000100000000)
  eden space 243200K, 0% used [0x00000000e0000000,0x00000000e0000000,0x00000000eed80000)
  from space 22528K, 99% used [0x00000000eed80000,0x00000000f037d248,0x00000000f0380000)
  to   space 27136K, 0% used [0x00000000f4600000,0x00000000f4600000,0x00000000f6080000)
 ParOldGen       total 91136K, used 35898K [0x00000000a0000000, 0x00000000a5900000, 0x00000000e0000000)
  object space 91136K, 39% used [0x00000000a0000000,0x00000000a230eab0,0x00000000a5900000)
 Metaspace       used 91782K, capacity 96506K, committed 97152K, reserved 1132544K
  class space    used 12281K, capacity 13196K, committed 13440K, reserved 1048576K
}
Event: 5321.356 GC heap before
{Heap before GC invocations=22 (full 4):
 PSYoungGen      total 265728K, used 265716K [0x00000000e0000000, 0x00000000f6080000, 0x0000000100000000)
  eden space 243200K, 100% used [0x00000000e0000000,0x00000000eed80000,0x00000000eed80000)
  from space 22528K, 99% used [0x00000000eed80000,0x00000000f037d248,0x00000000f0380000)
  to   space 27136K, 0% used [0x00000000f4600000,0x00000000f4600000,0x00000000f6080000)
 ParOldGen       total 91136K, used 35898K [0x00000000a0000000, 0x00000000a5900000, 0x00000000e0000000)
  object space 91136K, 39% used [0x00000000a0000000,0x00000000a230eab0,0x00000000a5900000)
 Metaspace       used 95351K, capacity 100870K, committed 101120K, reserved 1136640K
  class space    used 12684K, capacity 13743K, committed 13824K, reserved 1048576K
Event: 5321.728 GC heap after
Heap after GC invocations=22 (full 4):
 PSYoungGen      total 307200K, used 27111K [0x00000000e0000000, 0x00000000f6080000, 0x0000000100000000)
  eden space 280064K, 0% used [0x00000000e0000000,0x00000000e0000000,0x00000000f1180000)
  from space 27136K, 99% used [0x00000000f4600000,0x00000000f6079ff0,0x00000000f6080000)
  to   space 37888K, 0% used [0x00000000f1680000,0x00000000f1680000,0x00000000f3b80000)
 ParOldGen       total 91136K, used 53486K [0x00000000a0000000, 0x00000000a5900000, 0x00000000e0000000)
  object space 91136K, 58% used [0x00000000a0000000,0x00000000a343b818,0x00000000a5900000)
 Metaspace       used 95351K, capacity 100870K, committed 101120K, reserved 1136640K
  class space    used 12684K, capacity 13743K, committed 13824K, reserved 1048576K
}
Event: 5359.905 GC heap before
{Heap before GC invocations=23 (full 4):
 PSYoungGen      total 307200K, used 307175K [0x00000000e0000000, 0x00000000f6080000, 0x0000000100000000)
  eden space 280064K, 100% used [0x00000000e0000000,0x00000000f1180000,0x00000000f1180000)
  from space 27136K, 99% used [0x00000000f4600000,0x00000000f6079ff0,0x00000000f6080000)
  to   space 37888K, 0% used [0x00000000f1680000,0x00000000f1680000,0x00000000f3b80000)
 ParOldGen       total 91136K, used 53486K [0x00000000a0000000, 0x00000000a5900000, 0x00000000e0000000)
  object space 91136K, 58% used [0x00000000a0000000,0x00000000a343b818,0x00000000a5900000)
 Metaspace       used 103333K, capacity 109266K, committed 109568K, reserved 1144832K
  class space    used 13637K, capacity 14762K, committed 14848K, reserved 1048576K
Event: 5360.604 GC heap after
Heap after GC invocations=23 (full 4):
 PSYoungGen      total 317952K, used 37886K [0x00000000e0000000, 0x00000000f6080000, 0x0000000100000000)
  eden space 280064K, 0% used [0x00000000e0000000,0x00000000e0000000,0x00000000f1180000)
  from space 37888K, 99% used [0x00000000f1680000,0x00000000f3b7fb58,0x00000000f3b80000)
  to   space 27136K, 0% used [0x00000000f4600000,0x00000000f4600000,0x00000000f6080000)
 ParOldGen       total 91136K, used 79958K [0x00000000a0000000, 0x00000000a5900000, 0x00000000e0000000)
  object space 91136K, 87% used [0x00000000a0000000,0x00000000a4e159e8,0x00000000a5900000)
 Metaspace       used 103333K, capacity 109266K, committed 109568K, reserved 1144832K
  class space    used 13637K, capacity 14762K, committed 14848K, reserved 1048576K
}
Event: 5360.609 GC heap before
{Heap before GC invocations=24 (full 5):
 PSYoungGen      total 317952K, used 37886K [0x00000000e0000000, 0x00000000f6080000, 0x0000000100000000)
  eden space 280064K, 0% used [0x00000000e0000000,0x00000000e0000000,0x00000000f1180000)
  from space 37888K, 99% used [0x00000000f1680000,0x00000000f3b7fb58,0x00000000f3b80000)
  to   space 27136K, 0% used [0x00000000f4600000,0x00000000f4600000,0x00000000f6080000)
 ParOldGen       total 91136K, used 79958K [0x00000000a0000000, 0x00000000a5900000, 0x00000000e0000000)
  object space 91136K, 87% used [0x00000000a0000000,0x00000000a4e159e8,0x00000000a5900000)
 Metaspace       used 103333K, capacity 109266K, committed 109568K, reserved 1144832K
  class space    used 13637K, capacity 14762K, committed 14848K, reserved 1048576K
Event: 5364.247 GC heap after
Heap after GC invocations=24 (full 5):
 PSYoungGen      total 317952K, used 0K [0x00000000e0000000, 0x00000000f6080000, 0x0000000100000000)
  eden space 280064K, 0% used [0x00000000e0000000,0x00000000e0000000,0x00000000f1180000)
  from space 37888K, 0% used [0x00000000f1680000,0x00000000f1680000,0x00000000f3b80000)
  to   space 27136K, 0% used [0x00000000f4600000,0x00000000f4600000,0x00000000f6080000)
 ParOldGen       total 91136K, used 87926K [0x00000000a0000000, 0x00000000a5900000, 0x00000000e0000000)
  object space 91136K, 96% used [0x00000000a0000000,0x00000000a55ddb70,0x00000000a5900000)
 Metaspace       used 102529K, capacity 107640K, committed 109568K, reserved 1144832K
  class space    used 13486K, capacity 14478K, committed 14848K, reserved 1048576K
}

