# JRE version: OpenJDK Runtime Environment (8.0_212-b04) (build 1.8.0_212-release-1586-b04)
# Java VM: OpenJDK 64-Bit Server VM (25.212-b04 mixed mode windows-amd64 compressed oops)
Heap:
 PSYoungGen      total 248832K, used 40989K [0x00000000e0000000, 0x00000000f4880000, 0x0000000100000000)
  eden space 227328K, 8% used [0x00000000e0000000,0x00000000e1308218,0x00000000ede00000)
  from space 21504K, 99% used [0x00000000f3380000,0x00000000f487f2c8,0x00000000f4880000)
  to   space 18944K, 0% used [0x00000000ede00000,0x00000000ede00000,0x00000000ef080000)
 ParOldGen       total 86016K, used 48539K [0x00000000a0000000, 0x00000000a5400000, 0x00000000e0000000)
  object space 86016K, 56% used [0x00000000a0000000,0x00000000a2f66c08,0x00000000a5400000)
 Metaspace       used 79233K, capacity 83564K, committed 83712K, reserved 1122304K
  class space    used 10554K, capacity 11408K, committed 11520K, reserved 1048576K
GC Heap History (10 events):
Event: 13.220 GC heap before
{Heap before GC invocations=13 (full 2):
 PSYoungGen      total 187392K, used 174592K [0x00000000e0000000, 0x00000000ec580000, 0x0000000100000000)
  eden space 174592K, 100% used [0x00000000e0000000,0x00000000eaa80000,0x00000000eaa80000)
  from space 12800K, 0% used [0x00000000eb700000,0x00000000eb700000,0x00000000ec380000)
  to   space 12800K, 0% used [0x00000000eaa80000,0x00000000eaa80000,0x00000000eb700000)
 ParOldGen       total 49664K, used 15035K [0x00000000a0000000, 0x00000000a3080000, 0x00000000e0000000)
  object space 49664K, 30% used [0x00000000a0000000,0x00000000a0eaef90,0x00000000a3080000)
 Metaspace       used 47202K, capacity 48530K, committed 48896K, reserved 1091584K
  class space    used 6258K, capacity 6580K, committed 6656K, reserved 1048576K
Event: 13.239 GC heap after
Heap after GC invocations=13 (full 2):
 PSYoungGen      total 187392K, used 12778K [0x00000000e0000000, 0x00000000f0080000, 0x0000000100000000)
  eden space 174592K, 0% used [0x00000000e0000000,0x00000000e0000000,0x00000000eaa80000)
  from space 12800K, 99% used [0x00000000eaa80000,0x00000000eb6fa8f0,0x00000000eb700000)
  to   space 16384K, 0% used [0x00000000ef080000,0x00000000ef080000,0x00000000f0080000)
 ParOldGen       total 49664K, used 19706K [0x00000000a0000000, 0x00000000a3080000, 0x00000000e0000000)
  object space 49664K, 39% used [0x00000000a0000000,0x00000000a133e8d8,0x00000000a3080000)
 Metaspace       used 47202K, capacity 48530K, committed 48896K, reserved 1091584K
  class space    used 6258K, capacity 6580K, committed 6656K, reserved 1048576K
}
Event: 15.045 GC heap before
{Heap before GC invocations=14 (full 2):
 PSYoungGen      total 187392K, used 141207K [0x00000000e0000000, 0x00000000f0080000, 0x0000000100000000)
  eden space 174592K, 73% used [0x00000000e0000000,0x00000000e7d6b650,0x00000000eaa80000)
  from space 12800K, 99% used [0x00000000eaa80000,0x00000000eb6fa8f0,0x00000000eb700000)
  to   space 16384K, 0% used [0x00000000ef080000,0x00000000ef080000,0x00000000f0080000)
 ParOldGen       total 49664K, used 19706K [0x00000000a0000000, 0x00000000a3080000, 0x00000000e0000000)
  object space 49664K, 39% used [0x00000000a0000000,0x00000000a133e8d8,0x00000000a3080000)
 Metaspace       used 57160K, capacity 58972K, committed 59136K, reserved 1099776K
  class space    used 7664K, capacity 8080K, committed 8192K, reserved 1048576K
Event: 15.085 GC heap after
Heap after GC invocations=14 (full 2):
 PSYoungGen      total 243712K, used 16159K [0x00000000e0000000, 0x00000000f0800000, 0x0000000100000000)
  eden space 227328K, 0% used [0x00000000e0000000,0x00000000e0000000,0x00000000ede00000)
  from space 16384K, 98% used [0x00000000ef080000,0x00000000f0047f18,0x00000000f0080000)
  to   space 18944K, 0% used [0x00000000ede00000,0x00000000ede00000,0x00000000ef080000)
 ParOldGen       total 49664K, used 27959K [0x00000000a0000000, 0x00000000a3080000, 0x00000000e0000000)
  object space 49664K, 56% used [0x00000000a0000000,0x00000000a1b4dc80,0x00000000a3080000)
 Metaspace       used 57160K, capacity 58972K, committed 59136K, reserved 1099776K
  class space    used 7664K, capacity 8080K, committed 8192K, reserved 1048576K
}
Event: 15.085 GC heap before
{Heap before GC invocations=15 (full 3):
 PSYoungGen      total 243712K, used 16159K [0x00000000e0000000, 0x00000000f0800000, 0x0000000100000000)
  eden space 227328K, 0% used [0x00000000e0000000,0x00000000e0000000,0x00000000ede00000)
  from space 16384K, 98% used [0x00000000ef080000,0x00000000f0047f18,0x00000000f0080000)
  to   space 18944K, 0% used [0x00000000ede00000,0x00000000ede00000,0x00000000ef080000)
 ParOldGen       total 49664K, used 27959K [0x00000000a0000000, 0x00000000a3080000, 0x00000000e0000000)
  object space 49664K, 56% used [0x00000000a0000000,0x00000000a1b4dc80,0x00000000a3080000)
 Metaspace       used 57160K, capacity 58972K, committed 59136K, reserved 1099776K
  class space    used 7664K, capacity 8080K, committed 8192K, reserved 1048576K
Event: 15.372 GC heap after
Heap after GC invocations=15 (full 3):
 PSYoungGen      total 243712K, used 0K [0x00000000e0000000, 0x00000000f0800000, 0x0000000100000000)
  eden space 227328K, 0% used [0x00000000e0000000,0x00000000e0000000,0x00000000ede00000)
  from space 16384K, 0% used [0x00000000ef080000,0x00000000ef080000,0x00000000f0080000)
  to   space 18944K, 0% used [0x00000000ede00000,0x00000000ede00000,0x00000000ef080000)
 ParOldGen       total 86016K, used 36924K [0x00000000a0000000, 0x00000000a5400000, 0x00000000e0000000)
  object space 86016K, 42% used [0x00000000a0000000,0x00000000a240f028,0x00000000a5400000)
 Metaspace       used 57130K, capacity 58876K, committed 59136K, reserved 1099776K
  class space    used 7655K, capacity 8064K, committed 8192K, reserved 1048576K
}
Event: 18.487 GC heap before
{Heap before GC invocations=16 (full 3):
 PSYoungGen      total 243712K, used 227328K [0x00000000e0000000, 0x00000000f0800000, 0x0000000100000000)
  eden space 227328K, 100% used [0x00000000e0000000,0x00000000ede00000,0x00000000ede00000)
  from space 16384K, 0% used [0x00000000ef080000,0x00000000ef080000,0x00000000f0080000)
  to   space 18944K, 0% used [0x00000000ede00000,0x00000000ede00000,0x00000000ef080000)
 ParOldGen       total 86016K, used 36924K [0x00000000a0000000, 0x00000000a5400000, 0x00000000e0000000)
  object space 86016K, 42% used [0x00000000a0000000,0x00000000a240f028,0x00000000a5400000)
 Metaspace       used 67011K, capacity 70324K, committed 70656K, reserved 1110016K
  class space    used 9239K, capacity 9895K, committed 9984K, reserved 1048576K
Event: 18.656 GC heap after
Heap after GC invocations=16 (full 3):
 PSYoungGen      total 246272K, used 17973K [0x00000000e0000000, 0x00000000f4880000, 0x0000000100000000)
  eden space 227328K, 0% used [0x00000000e0000000,0x00000000e0000000,0x00000000ede00000)
  from space 18944K, 94% used [0x00000000ede00000,0x00000000eef8d420,0x00000000ef080000)
  to   space 21504K, 0% used [0x00000000f3380000,0x00000000f3380000,0x00000000f4880000)
 ParOldGen       total 86016K, used 36932K [0x00000000a0000000, 0x00000000a5400000, 0x00000000e0000000)
  object space 86016K, 42% used [0x00000000a0000000,0x00000000a2411028,0x00000000a5400000)
 Metaspace       used 67011K, capacity 70324K, committed 70656K, reserved 1110016K
  class space    used 9239K, capacity 9895K, committed 9984K, reserved 1048576K
}
Event: 1109.414 GC heap before
{Heap before GC invocations=17 (full 3):
 PSYoungGen      total 246272K, used 245301K [0x00000000e0000000, 0x00000000f4880000, 0x0000000100000000)
  eden space 227328K, 100% used [0x00000000e0000000,0x00000000ede00000,0x00000000ede00000)
  from space 18944K, 94% used [0x00000000ede00000,0x00000000eef8d420,0x00000000ef080000)
  to   space 21504K, 0% used [0x00000000f3380000,0x00000000f3380000,0x00000000f4880000)
 ParOldGen       total 86016K, used 36932K [0x00000000a0000000, 0x00000000a5400000, 0x00000000e0000000)
  object space 86016K, 42% used [0x00000000a0000000,0x00000000a2411028,0x00000000a5400000)
 Metaspace       used 79171K, capacity 83500K, committed 83712K, reserved 1122304K
  class space    used 10554K, capacity 11408K, committed 11520K, reserved 1048576K
Event: 1111.157 GC heap after
Heap after GC invocations=17 (full 3):
 PSYoungGen      total 248832K, used 21500K [0x00000000e0000000, 0x00000000f4880000, 0x0000000100000000)
  eden space 227328K, 0% used [0x00000000e0000000,0x00000000e0000000,0x00000000ede00000)
  from space 21504K, 99% used [0x00000000f3380000,0x00000000f487f2c8,0x00000000f4880000)
  to   space 18944K, 0% used [0x00000000ede00000,0x00000000ede00000,0x00000000ef080000)
 ParOldGen       total 86016K, used 48539K [0x00000000a0000000, 0x00000000a5400000, 0x00000000e0000000)
  object space 86016K, 56% used [0x00000000a0000000,0x00000000a2f66c08,0x00000000a5400000)
 Metaspace       used 79171K, capacity 83500K, committed 83712K, reserved 1122304K
  class space    used 10554K, capacity 11408K, committed 11520K, reserved 1048576K
}

